# JRE version: OpenJDK Runtime Environment (17.0.9+9) (build 17.0.9+9-Ubuntu-122.04)
# Java VM: OpenJDK 64-Bit Server VM (17.0.9+9-Ubuntu-122.04, mixed mode, sharing, tiered, compressed oops, compressed class ptrs, g1 gc, linux-amd64)
GC Precious Log:
 CPUs: 20 total, 20 available
 Memory: 15608M
 Large Page Support: Disabled
 NUMA Support: Disabled
 Compressed Oops: Enabled (Zero based)
 Heap Region Size: 2M
 Heap Min Capacity: 8M
 Heap Initial Capacity: 244M
 Heap Max Capacity: 3904M
 Pre-touch: Disabled
 Parallel Workers: 15
 Concurrent Workers: 4
 Concurrent Refinement Workers: 15
 Periodic GC: Disabled
Heap:
 garbage-first heap   total 55296K, used 20666K [0x000000070c000000, 0x0000000800000000)
  region size 2048K, 10 young (20480K), 5 survivors (10240K)
 Metaspace       used 30669K, committed 31104K, reserved 1114112K
  class space    used 3840K, committed 4096K, reserved 1048576K
GC Heap History (8 events):
Event: 0.212 GC heap before
{Heap before GC invocations=0 (full 0):
 garbage-first heap   total 253952K, used 24496K [0x000000070c000000, 0x0000000800000000)
  region size 2048K, 11 young (22528K), 0 survivors (0K)
 Metaspace       used 6723K, committed 6912K, reserved 1114112K
  class space    used 814K, committed 896K, reserved 1048576K
}
Event: 0.214 GC heap after
{Heap after GC invocations=1 (full 0):
 garbage-first heap   total 253952K, used 5976K [0x000000070c000000, 0x0000000800000000)
  region size 2048K, 2 young (4096K), 2 survivors (4096K)
 Metaspace       used 6723K, committed 6912K, reserved 1114112K
  class space    used 814K, committed 896K, reserved 1048576K
}
Event: 0.371 GC heap before
{Heap before GC invocations=1 (full 0):
 garbage-first heap   total 253952K, used 36696K [0x000000070c000000, 0x0000000800000000)
  region size 2048K, 18 young (36864K), 2 survivors (4096K)
 Metaspace       used 15169K, committed 15488K, reserved 1114112K
  class space    used 1888K, committed 2048K, reserved 1048576K
}
Event: 0.374 GC heap after
{Heap after GC invocations=2 (full 0):
 garbage-first heap   total 253952K, used 8155K [0x000000070c000000, 0x0000000800000000)
  region size 2048K, 2 young (4096K), 2 survivors (4096K)
 Metaspace       used 15169K, committed 15488K, reserved 1114112K
  class space    used 1888K, committed 2048K, reserved 1048576K
}
Event: 0.639 GC heap before
{Heap before GC invocations=2 (full 0):
 garbage-first heap   total 253952K, used 42971K [0x000000070c000000, 0x0000000800000000)
  region size 2048K, 20 young (40960K), 2 survivors (4096K)
 Metaspace       used 21217K, committed 21504K, reserved 1114112K
  class space    used 2694K, committed 2816K, reserved 1048576K
}
Event: 0.642 GC heap after
{Heap after GC invocations=3 (full 0):
 garbage-first heap   total 253952K, used 10863K [0x000000070c000000, 0x0000000800000000)
  region size 2048K, 3 young (6144K), 3 survivors (6144K)
 Metaspace       used 21217K, committed 21504K, reserved 1114112K
  class space    used 2694K, committed 2816K, reserved 1048576K
}
Event: 0.904 GC heap before
{Heap before GC invocations=4 (full 0):
 garbage-first heap   total 55296K, used 39535K [0x000000070c000000, 0x0000000800000000)
  region size 2048K, 18 young (36864K), 3 survivors (6144K)
 Metaspace       used 27506K, committed 27968K, reserved 1114112K
  class space    used 3468K, committed 3712K, reserved 1048576K
}
Event: 0.908 GC heap after
{Heap after GC invocations=5 (full 0):
 garbage-first heap   total 55296K, used 14522K [0x000000070c000000, 0x0000000800000000)
  region size 2048K, 5 young (10240K), 5 survivors (10240K)
 Metaspace       used 27506K, committed 27968K, reserved 1114112K
  class space    used 3468K, committed 3712K, reserved 1048576K
}

